        -:    0:Source:src/insertion_sort.c
        -:    0:Graph:insertion_sort.gcno
        -:    0:Data:insertion_sort.gcda
        -:    0:Runs:1
        -:    0:Programs:1
        -:    1://Implementation of Insertion sort in C
        -:    2:#include <stdio.h>
        -:    3:#include <stdlib.h>
        -:    4:typedef int TYPE;
        -:    5:void insertion_sort(TYPE [], int);
        -:    6:
function insertion_sort called 10 returned 100% blocks executed 100%
       10:    7:void insertion_sort(TYPE A[], int n) {
        -:    8:	int i, j;
        -:    9:	TYPE temp;
        -:   10:	
      111:   11:	for(i = 1; i < n; i++) {
branch  0 taken 91%
branch  1 taken 9%
      101:   12:		temp = A[i];
      101:   13:		j = i;
      279:   14:		while(j > 0 && A[j-1] > temp) {
branch  0 taken 13%
branch  1 taken 87%
branch  2 taken 64%
branch  3 taken 36%
      178:   15:			A[j] = A[j - 1];
      178:   16:			j--;
        -:   17:		}
      101:   18:		A[j] = temp;
      101:   19:	}
       10:   20:}
