        -:    0:Source:src/selection_sort.c
        -:    0:Graph:selection_sort.gcno
        -:    0:Data:selection_sort.gcda
        -:    0:Runs:1
        -:    0:Programs:1
        -:    1://Implementation of Selection sort in C
        -:    2:#include <stdio.h>
        -:    3:#include <stdlib.h>
        -:    4:#define swap(t, x, y) t z = x; x = y; y = z;
        -:    5:typedef int TYPE;
        -:    6:void selection_sort(TYPE [], int);
        -:    7:
function selection_sort called 11 returned 100% blocks executed 100%
       11:    8:void selection_sort(TYPE A[], int n) {
        -:    9:	int i, j, min;
      130:   10:	for(i = 0; i < n - 1; i++) {
branch  0 taken 92%
branch  1 taken 8%
      119:   11:		min = i;
      974:   12:		for(j = i + 1; j < n; j++) {
branch  0 taken 88%
branch  1 taken 12%
      855:   13:			if(A[min] > A[j]) min = j;
branch  0 taken 89%
branch  1 taken 11%
      855:   14:		}
      119:   15:		if(min != i) { 
branch  0 taken 81%
branch  1 taken 19%
       23:   16:			swap(TYPE, A[i], A[min]); 
        -:   17:			// '{' and '}' are  needed when using macros inside condition
       23:   18:		}
      119:   19:	}
       11:   20:}
